2023-07-21 18:53:20,538 [INFO]com.ankush.Transaction.App[main]Starting App on DESKTOP-IR5U2AD with PID 10768 (E:\sprinbootproject\Transaction\target\classes started by Dell in E:\sprinbootproject\Transaction)
2023-07-21 18:53:20,540 [INFO]com.ankush.Transaction.App[main]No active profile set, falling back to default profiles: default
2023-07-21 18:53:20,982 [INFO]org.springframework.data.repository.config.RepositoryConfigurationDelegate[main]Bootstrapping Spring Data JPA repositories in DEFAULT mode.
2023-07-21 18:53:21,027 [INFO]org.springframework.data.repository.config.RepositoryConfigurationDelegate[main]Finished Spring Data repository scanning in 39ms. Found 1 JPA repository interfaces.
2023-07-21 18:53:21,212 [INFO]org.springframework.context.support.PostProcessorRegistrationDelegate$BeanPostProcessorChecker[main]Bean 'org.springframework.transaction.annotation.ProxyTransactionManagementConfiguration' of type [org.springframework.transaction.annotation.ProxyTransactionManagementConfiguration] is not eligible for getting processed by all BeanPostProcessors (for example: not eligible for auto-proxying)
2023-07-21 18:53:21,364 [INFO]org.springframework.boot.web.embedded.tomcat.TomcatWebServer[main]Tomcat initialized with port(s): 9090 (http)
2023-07-21 18:53:21,371 [INFO]org.apache.catalina.core.StandardService[main]Starting service [Tomcat]
2023-07-21 18:53:21,372 [INFO]org.apache.catalina.core.StandardEngine[main]Starting Servlet engine: [Apache Tomcat/9.0.27]
2023-07-21 18:53:21,442 [INFO]org.apache.catalina.core.ContainerBase.[Tomcat].[localhost].[/][main]Initializing Spring embedded WebApplicationContext
2023-07-21 18:53:21,442 [INFO]org.springframework.web.context.ContextLoader[main]Root WebApplicationContext: initialization completed in 867 ms
2023-07-21 18:53:21,562 [INFO]org.hibernate.jpa.internal.util.LogHelper[main]HHH000204: Processing PersistenceUnitInfo [name: default]
2023-07-21 18:53:21,606 [INFO]org.hibernate.Version[main]HHH000412: Hibernate Core {5.4.9.Final}
2023-07-21 18:53:21,681 [INFO]org.hibernate.annotations.common.Version[main]HCANN000001: Hibernate Commons Annotations {5.1.0.Final}
2023-07-21 18:53:21,748 [INFO]com.zaxxer.hikari.HikariDataSource[main]HikariPool-1 - Starting...
2023-07-21 18:53:21,915 [INFO]com.zaxxer.hikari.HikariDataSource[main]HikariPool-1 - Start completed.
2023-07-21 18:53:21,927 [INFO]org.hibernate.dialect.Dialect[main]HHH000400: Using dialect: org.hibernate.dialect.MySQL55Dialect
2023-07-21 18:53:22,322 [INFO]org.hibernate.engine.transaction.jta.platform.internal.JtaPlatformInitiator[main]HHH000490: Using JtaPlatform implementation: [org.hibernate.engine.transaction.jta.platform.internal.NoJtaPlatform]
2023-07-21 18:53:22,327 [INFO]org.springframework.orm.jpa.LocalContainerEntityManagerFactoryBean[main]Initialized JPA EntityManagerFactory for persistence unit 'default'
2023-07-21 18:53:22,607 [WARN]org.springframework.boot.autoconfigure.orm.jpa.JpaBaseConfiguration$JpaWebConfiguration[main]spring.jpa.open-in-view is enabled by default. Therefore, database queries may be performed during view rendering. Explicitly configure spring.jpa.open-in-view to disable this warning
2023-07-21 18:53:22,698 [INFO]org.springframework.scheduling.concurrent.ThreadPoolTaskExecutor[main]Initializing ExecutorService 'applicationTaskExecutor'
2023-07-21 18:53:22,869 [INFO]org.springframework.boot.web.embedded.tomcat.TomcatWebServer[main]Tomcat started on port(s): 9090 (http) with context path ''
2023-07-21 18:53:22,871 [INFO]com.ankush.Transaction.App[main]Started App in 2.62 seconds (JVM running for 3.196)
2023-07-21 18:53:27,364 [INFO]org.apache.catalina.core.ContainerBase.[Tomcat].[localhost].[/][http-nio-9090-exec-2]Initializing Spring DispatcherServlet 'dispatcherServlet'
2023-07-21 18:53:27,364 [INFO]org.springframework.web.servlet.DispatcherServlet[http-nio-9090-exec-2]Initializing Servlet 'dispatcherServlet'
2023-07-21 18:53:27,369 [INFO]org.springframework.web.servlet.DispatcherServlet[http-nio-9090-exec-2]Completed initialization in 5 ms
2023-07-21 18:53:27,383 [ERROR]com.ankush.Transaction.controller.TransactonController[http-nio-9090-exec-2]fatel error
2023-07-21 18:53:29,155 [ERROR]com.ankush.Transaction.controller.TransactonController[http-nio-9090-exec-3]fatel error
2023-07-21 19:45:46,872 [WARN]com.zaxxer.hikari.pool.HikariPool[HikariPool-1 housekeeper]HikariPool-1 - Thread starvation or clock leap detected (housekeeper delta=18m24s245ms904µs500ns).
